2025-07-16 12:44:41 [main] TRACE org.testng.internal.Graph - [Graph] ====== END SORTED NODES
2025-07-16 12:44:41 [main] TRACE org.testng.internal.Graph - [Graph] ADDING NODE Grid_Login_TestCase_001.browserquit()[pri:0, instance:null] -127974562
2025-07-16 12:44:41 [main] TRACE org.testng.internal.Graph - [Graph] ================ SORTING
2025-07-16 12:44:41 [main] TRACE org.testng.internal.Graph - [Graph] =============== DONE SORTING
2025-07-16 12:44:41 [main] TRACE org.testng.internal.Graph - [Graph] ====== SORTED NODES
2025-07-16 12:44:41 [main] TRACE org.testng.internal.Graph - [Graph] ====== END SORTED NODES
2025-07-16 12:44:41 [main] TRACE org.testng.internal.Graph - [Graph] ADDING NODE Grid_Login_TestCase_001.scenario(java.lang.String,java.lang.String)[pri:0, instance:gridproject.Grid_Login_TestCase_001@544630b7] 1678714272
2025-07-16 12:44:41 [main] TRACE org.testng.internal.Graph - [Graph] ================ SORTING
2025-07-16 12:44:41 [main] TRACE org.testng.internal.Graph - [Graph] =============== DONE SORTING
2025-07-16 12:44:41 [main] TRACE org.testng.internal.Graph - [Graph] ====== SORTED NODES
2025-07-16 12:44:41 [main] TRACE org.testng.internal.Graph - [Graph] ====== END SORTED NODES
2025-07-16 12:44:41 [main] INFO  org.testng.internal.Utils - [TestNG] Running:
  D:\TESTING\AutomationProjects\Hybrid\Grid_Login_TestCase_001.xml

2025-07-16 12:44:53 [TestNG-tests-1] INFO  utilities.GridBrowsers - Chrome Browser Started Successfully
2025-07-16 12:45:05 [TestNG-tests-1] INFO  utilities.GridBrowsers - URL:- https://opensource-demo.orangehrmlive.com/web/index.php/auth/login
2025-07-16 12:45:07 [TestNG-tests-1] INFO  utilities.GridBrowsers - User enter UserName as Admin
2025-07-16 12:45:08 [TestNG-tests-1] INFO  utilities.GridBrowsers - User enter Password as admin123
2025-07-16 12:45:12 [TestNG-tests-1] INFO  utilities.GridBrowsers - User click LogIn Button
2025-07-16 12:45:17 [TestNG-tests-1] INFO  utilities.GridBrowsers - User click LogIn Button
2025-07-16 12:45:29 [TestNG-tests-1] INFO  utilities.GridBrowsers - Login Failed
2025-07-16 12:45:35 [TestNG-tests-1] INFO  utilities.GridBrowsers - Browser Quit Scuccessfully
2025-07-16 12:45:38 [TestNG-tests-1] INFO  utilities.GridBrowsers - Chrome Browser Started Successfully
2025-07-16 12:45:48 [TestNG-tests-1] INFO  utilities.GridBrowsers - URL:- https://opensource-demo.orangehrmlive.com/web/index.php/auth/login
2025-07-16 12:45:50 [TestNG-tests-1] INFO  utilities.GridBrowsers - User enter UserName as Admin
2025-07-16 12:45:51 [TestNG-tests-1] INFO  utilities.GridBrowsers - User enter Password as admin123
2025-07-16 12:45:53 [TestNG-tests-1] INFO  utilities.GridBrowsers - User click LogIn Button
2025-07-16 12:46:00 [TestNG-tests-1] INFO  utilities.GridBrowsers - User click LogIn Button
2025-07-16 12:46:12 [TestNG-tests-1] INFO  utilities.GridBrowsers - Login Failed
2025-07-16 12:46:16 [TestNG-tests-1] INFO  utilities.GridBrowsers - Browser Quit Scuccessfully
2025-07-16 12:46:16 [main] TRACE org.testng.internal.Graph - [Graph] ADDING NODE Grid_Login_TestCase_001.scenario(java.lang.String,java.lang.String)[pri:0, instance:gridproject.Grid_Login_TestCase_001@544630b7] 1678714272
2025-07-16 12:46:16 [main] TRACE org.testng.internal.Graph - [Graph] ================ SORTING
2025-07-16 12:46:16 [main] TRACE org.testng.internal.Graph - [Graph] =============== DONE SORTING
2025-07-16 12:46:16 [main] TRACE org.testng.internal.Graph - [Graph] ====== SORTED NODES
2025-07-16 12:46:16 [main] TRACE org.testng.internal.Graph - [Graph] ====== END SORTED NODES
